{"C:\\Users\\codix\\OneDrive\\Desktop\\my project\\BookSage-AI\\frontend\\src\\App.js": {"path":"C:\\Users\\codix\\OneDrive\\Desktop\\my project\\BookSage-AI\\frontend\\src\\App.js","statementMap":{"0":{"start":{"line":8,"column":38},"end":{"line":8,"column":null}},"1":{"start":{"line":9,"column":44},"end":{"line":9,"column":null}},"2":{"start":{"line":10,"column":38},"end":{"line":10,"column":null}},"3":{"start":{"line":11,"column":28},"end":{"line":11,"column":null}},"4":{"start":{"line":13,"column":2},"end":{"line":18,"column":null}},"5":{"start":{"line":14,"column":4},"end":{"line":17,"column":null}},"6":{"start":{"line":15,"column":19},"end":{"line":15,"column":29}},"7":{"start":{"line":16,"column":20},"end":{"line":16,"column":41}},"8":{"start":{"line":17,"column":20},"end":{"line":17,"column":38}},"9":{"start":{"line":20,"column":26},"end":{"line":42,"column":null}},"10":{"start":{"line":21,"column":4},"end":{"line":21,"column":null}},"11":{"start":{"line":22,"column":4},"end":{"line":41,"column":null}},"12":{"start":{"line":23,"column":23},"end":{"line":23,"column":null}},"13":{"start":{"line":24,"column":6},"end":{"line":24,"column":null}},"14":{"start":{"line":25,"column":6},"end":{"line":25,"column":null}},"15":{"start":{"line":27,"column":19},"end":{"line":30,"column":null}},"16":{"start":{"line":31,"column":19},"end":{"line":31,"column":null}},"17":{"start":{"line":32,"column":6},"end":{"line":32,"column":null}},"18":{"start":{"line":33,"column":6},"end":{"line":33,"column":null}},"19":{"start":{"line":36,"column":6},"end":{"line":36,"column":null}},"20":{"start":{"line":38,"column":6},"end":{"line":38,"column":null}},"21":{"start":{"line":40,"column":6},"end":{"line":40,"column":null}},"22":{"start":{"line":44,"column":2},"end":{"line":168,"column":null}},"23":{"start":{"line":70,"column":18},"end":{"line":70,"column":null}},"24":{"start":{"line":116,"column":14},"end":{"line":116,"column":null}}},"fnMap":{"0":{"name":"App","decl":{"start":{"line":7,"column":9},"end":{"line":7,"column":15}},"loc":{"start":{"line":7,"column":15},"end":{"line":170,"column":null}},"line":7},"1":{"name":"(anonymous_1)","decl":{"start":{"line":13,"column":12},"end":{"line":13,"column":18}},"loc":{"start":{"line":13,"column":18},"end":{"line":18,"column":5}},"line":13},"2":{"name":"(anonymous_2)","decl":{"start":{"line":15,"column":12},"end":{"line":15,"column":19}},"loc":{"start":{"line":15,"column":19},"end":{"line":15,"column":29}},"line":15},"3":{"name":"(anonymous_3)","decl":{"start":{"line":16,"column":12},"end":{"line":16,"column":20}},"loc":{"start":{"line":16,"column":20},"end":{"line":16,"column":41}},"line":16},"4":{"name":"(anonymous_4)","decl":{"start":{"line":17,"column":13},"end":{"line":17,"column":20}},"loc":{"start":{"line":17,"column":20},"end":{"line":17,"column":38}},"line":17},"5":{"name":"(anonymous_5)","decl":{"start":{"line":20,"column":26},"end":{"line":20,"column":33}},"loc":{"start":{"line":20,"column":51},"end":{"line":42,"column":null}},"line":20},"6":{"name":"(anonymous_6)","decl":{"start":{"line":69,"column":37},"end":{"line":69,"column":38}},"loc":{"start":{"line":70,"column":18},"end":{"line":70,"column":null}},"line":70},"7":{"name":"(anonymous_7)","decl":{"start":{"line":115,"column":30},"end":{"line":115,"column":31}},"loc":{"start":{"line":116,"column":14},"end":{"line":116,"column":null}},"line":116}},"branchMap":{"0":{"loc":{"start":{"line":49,"column":44},"end":{"line":74,"column":null}},"type":"binary-expr","locations":[{"start":{"line":52,"column":10},"end":{"line":52,"column":40}},{"start":{"line":52,"column":40},"end":{"line":52,"column":null}},{"start":{"line":53,"column":10},"end":{"line":74,"column":null}}],"line":49},"1":{"loc":{"start":{"line":58,"column":15},"end":{"line":59,"column":null}},"type":"binary-expr","locations":[{"start":{"line":58,"column":15},"end":{"line":58,"column":null}},{"start":{"line":59,"column":16},"end":{"line":59,"column":null}}],"line":58},"2":{"loc":{"start":{"line":63,"column":13},"end":{"line":72,"column":null}},"type":"cond-expr","locations":[{"start":{"line":64,"column":14},"end":{"line":66,"column":null}},{"start":{"line":68,"column":14},"end":{"line":72,"column":null}}],"line":63}},"s":{"0":1,"1":1,"2":1,"3":1,"4":1,"5":1,"6":1,"7":1,"8":0,"9":1,"10":0,"11":0,"12":0,"13":0,"14":0,"15":0,"16":0,"17":0,"18":0,"19":0,"20":0,"21":0,"22":1,"23":0,"24":0},"f":{"0":1,"1":1,"2":1,"3":1,"4":0,"5":0,"6":0,"7":0},"b":{"0":[1,1,0],"1":[0,0],"2":[0,0]},"meta":{"lastBranch":3,"lastFunction":8,"lastStatement":25,"seen":{"f:7:9:7:15":0,"s:8:38:8:Infinity":0,"s:9:44:9:Infinity":1,"s:10:38:10:Infinity":2,"s:11:28:11:Infinity":3,"s:13:2:18:Infinity":4,"f:13:12:13:18":1,"s:14:4:17:Infinity":5,"f:15:12:15:19":2,"s:15:19:15:29":6,"f:16:12:16:20":3,"s:16:20:16:41":7,"f:17:13:17:20":4,"s:17:20:17:38":8,"s:20:26:42:Infinity":9,"f:20:26:20:33":5,"s:21:4:21:Infinity":10,"s:22:4:41:Infinity":11,"s:23:23:23:Infinity":12,"s:24:6:24:Infinity":13,"s:25:6:25:Infinity":14,"s:27:19:30:Infinity":15,"s:31:19:31:Infinity":16,"s:32:6:32:Infinity":17,"s:33:6:33:Infinity":18,"s:36:6:36:Infinity":19,"s:38:6:38:Infinity":20,"s:40:6:40:Infinity":21,"s:44:2:168:Infinity":22,"b:52:10:52:40:52:40:52:Infinity:53:10:74:Infinity":0,"b:58:15:58:Infinity:59:16:59:Infinity":1,"b:64:14:66:Infinity:68:14:72:Infinity":2,"f:69:37:69:38":6,"s:70:18:70:Infinity":23,"f:115:30:115:31":7,"s:116:14:116:Infinity":24}}}
,"C:\\Users\\codix\\OneDrive\\Desktop\\my project\\BookSage-AI\\frontend\\src\\components\\BookCard.js": {"path":"C:\\Users\\codix\\OneDrive\\Desktop\\my project\\BookSage-AI\\frontend\\src\\components\\BookCard.js","statementMap":{"0":{"start":{"line":4,"column":17},"end":{"line":48,"column":null}},"1":{"start":{"line":5,"column":4},"end":{"line":46,"column":null}},"2":{"start":{"line":24,"column":39},"end":{"line":24,"column":null}},"3":{"start":{"line":31,"column":39},"end":{"line":31,"column":null}},"4":{"start":{"line":38,"column":39},"end":{"line":38,"column":null}}},"fnMap":{"0":{"name":"(anonymous_0)","decl":{"start":{"line":4,"column":17},"end":{"line":4,"column":18}},"loc":{"start":{"line":4,"column":44},"end":{"line":48,"column":null}},"line":4},"1":{"name":"(anonymous_1)","decl":{"start":{"line":24,"column":33},"end":{"line":24,"column":39}},"loc":{"start":{"line":24,"column":39},"end":{"line":24,"column":null}},"line":24},"2":{"name":"(anonymous_2)","decl":{"start":{"line":31,"column":33},"end":{"line":31,"column":39}},"loc":{"start":{"line":31,"column":39},"end":{"line":31,"column":null}},"line":31},"3":{"name":"(anonymous_3)","decl":{"start":{"line":38,"column":33},"end":{"line":38,"column":39}},"loc":{"start":{"line":38,"column":39},"end":{"line":38,"column":null}},"line":38}},"branchMap":{},"s":{"0":1,"1":2,"2":1,"3":0,"4":0},"f":{"0":2,"1":1,"2":0,"3":0},"b":{},"meta":{"lastBranch":0,"lastFunction":4,"lastStatement":5,"seen":{"s:4:17:48:Infinity":0,"f:4:17:4:18":0,"s:5:4:46:Infinity":1,"f:24:33:24:39":1,"s:24:39:24:Infinity":2,"f:31:33:31:39":2,"s:31:39:31:Infinity":3,"f:38:33:38:39":3,"s:38:39:38:Infinity":4}}}
,"C:\\Users\\codix\\OneDrive\\Desktop\\my project\\BookSage-AI\\frontend\\src\\components\\Hero.js": {"path":"C:\\Users\\codix\\OneDrive\\Desktop\\my project\\BookSage-AI\\frontend\\src\\components\\Hero.js","statementMap":{"0":{"start":{"line":4,"column":13},"end":{"line":101,"column":null}},"1":{"start":{"line":5,"column":26},"end":{"line":5,"column":null}},"2":{"start":{"line":6,"column":30},"end":{"line":6,"column":null}},"3":{"start":{"line":8,"column":31},"end":{"line":22,"column":null}},"4":{"start":{"line":9,"column":20},"end":{"line":9,"column":null}},"5":{"start":{"line":10,"column":8},"end":{"line":10,"column":null}},"6":{"start":{"line":11,"column":8},"end":{"line":21,"column":null}},"7":{"start":{"line":12,"column":12},"end":{"line":18,"column":null}},"8":{"start":{"line":13,"column":29},"end":{"line":13,"column":null}},"9":{"start":{"line":14,"column":29},"end":{"line":14,"column":null}},"10":{"start":{"line":15,"column":16},"end":{"line":15,"column":null}},"11":{"start":{"line":17,"column":16},"end":{"line":17,"column":null}},"12":{"start":{"line":20,"column":12},"end":{"line":20,"column":null}},"13":{"start":{"line":24,"column":4},"end":{"line":99,"column":null}},"14":{"start":{"line":57,"column":28},"end":{"line":70,"column":null}},"15":{"start":{"line":61,"column":36},"end":{"line":61,"column":null}},"16":{"start":{"line":62,"column":36},"end":{"line":62,"column":null}},"17":{"start":{"line":78,"column":35},"end":{"line":78,"column":null}},"18":{"start":{"line":85,"column":35},"end":{"line":85,"column":null}},"19":{"start":{"line":92,"column":35},"end":{"line":92,"column":null}}},"fnMap":{"0":{"name":"(anonymous_0)","decl":{"start":{"line":4,"column":13},"end":{"line":4,"column":14}},"loc":{"start":{"line":4,"column":44},"end":{"line":101,"column":null}},"line":4},"1":{"name":"(anonymous_1)","decl":{"start":{"line":8,"column":31},"end":{"line":8,"column":38}},"loc":{"start":{"line":8,"column":44},"end":{"line":22,"column":null}},"line":8},"2":{"name":"(anonymous_2)","decl":{"start":{"line":56,"column":37},"end":{"line":56,"column":38}},"loc":{"start":{"line":57,"column":28},"end":{"line":70,"column":null}},"line":57},"3":{"name":"(anonymous_3)","decl":{"start":{"line":60,"column":41},"end":{"line":60,"column":47}},"loc":{"start":{"line":60,"column":47},"end":{"line":63,"column":null}},"line":60},"4":{"name":"(anonymous_4)","decl":{"start":{"line":78,"column":29},"end":{"line":78,"column":35}},"loc":{"start":{"line":78,"column":35},"end":{"line":78,"column":null}},"line":78},"5":{"name":"(anonymous_5)","decl":{"start":{"line":85,"column":29},"end":{"line":85,"column":35}},"loc":{"start":{"line":85,"column":35},"end":{"line":85,"column":null}},"line":85},"6":{"name":"(anonymous_6)","decl":{"start":{"line":92,"column":29},"end":{"line":92,"column":35}},"loc":{"start":{"line":92,"column":35},"end":{"line":92,"column":null}},"line":92}},"branchMap":{"0":{"loc":{"start":{"line":11,"column":8},"end":{"line":21,"column":null}},"type":"if","locations":[{"start":{"line":11,"column":8},"end":{"line":21,"column":null}},{"start":{"line":19,"column":15},"end":{"line":21,"column":null}}],"line":11},"1":{"loc":{"start":{"line":54,"column":17},"end":{"line":72,"column":null}},"type":"binary-expr","locations":[{"start":{"line":54,"column":17},"end":{"line":54,"column":null}},{"start":{"line":55,"column":20},"end":{"line":72,"column":null}}],"line":54}},"s":{"0":1,"1":5,"2":5,"3":5,"4":2,"5":2,"6":2,"7":2,"8":2,"9":2,"10":2,"11":0,"12":0,"13":5,"14":0,"15":0,"16":0,"17":1,"18":0,"19":0},"f":{"0":5,"1":2,"2":0,"3":0,"4":1,"5":0,"6":0},"b":{"0":[2,0],"1":[5,0]},"meta":{"lastBranch":2,"lastFunction":7,"lastStatement":20,"seen":{"s:4:13:101:Infinity":0,"f:4:13:4:14":0,"s:5:26:5:Infinity":1,"s:6:30:6:Infinity":2,"s:8:31:22:Infinity":3,"f:8:31:8:38":1,"s:9:20:9:Infinity":4,"s:10:8:10:Infinity":5,"b:11:8:21:Infinity:19:15:21:Infinity":0,"s:11:8:21:Infinity":6,"s:12:12:18:Infinity":7,"s:13:29:13:Infinity":8,"s:14:29:14:Infinity":9,"s:15:16:15:Infinity":10,"s:17:16:17:Infinity":11,"s:20:12:20:Infinity":12,"s:24:4:99:Infinity":13,"b:54:17:54:Infinity:55:20:72:Infinity":1,"f:56:37:56:38":2,"s:57:28:70:Infinity":14,"f:60:41:60:47":3,"s:61:36:61:Infinity":15,"s:62:36:62:Infinity":16,"f:78:29:78:35":4,"s:78:35:78:Infinity":17,"f:85:29:85:35":5,"s:85:35:85:Infinity":18,"f:92:29:92:35":6,"s:92:35:92:Infinity":19}}}
}
